<?xml version="1.0" encoding="UTF-8"?>
<!-- Generated by org.testng.reporters.JUnitReportReporter -->
<testsuite hostname="DS-SYS-SPM-LT1" name="com.g4s.com.g4s.scb.CashOpsManualTransactions03" tests="7" failures="1" timestamp="31 Aug 2017 07:28:07 GMT" time="23.254" errors="0">
  <testcase name="SearchTrans" time="4.475" classname="com.g4s.com.g4s.scb.CashOpsManualTransactions03"/>
  <testcase name="authorize03" time="7.009" classname="com.g4s.com.g4s.scb.CashOpsManualTransactions03">
    <failure type="java.lang.AssertionError" message="expected:&lt;true&gt; but was:&lt;false&gt;">
        <![CDATA[java.lang.AssertionError: expected:<true> but was:<false>
	at org.testng.Assert.fail(Assert.java:89)
	at org.testng.Assert.failNotEquals(Assert.java:480)
	at org.testng.Assert.assertTrue(Assert.java:37)
	at org.testng.Assert.assertTrue(Assert.java:47)
	at com.g4s.com.g4s.scb.CashOpsManualTransactions03.authorize03(CashOpsManualTransactions03.java:341)
	at sun.reflect.NativeMethodAccessorImpl.invoke0(Native Method)
	at sun.reflect.NativeMethodAccessorImpl.invoke(NativeMethodAccessorImpl.java:62)
	at sun.reflect.DelegatingMethodAccessorImpl.invoke(DelegatingMethodAccessorImpl.java:43)
	at java.lang.reflect.Method.invoke(Method.java:498)
	at org.testng.internal.MethodInvocationHelper.invokeMethod(MethodInvocationHelper.java:74)
	at org.testng.internal.Invoker.invokeMethod(Invoker.java:673)
	at org.testng.internal.Invoker.invokeTestMethod(Invoker.java:846)
	at org.testng.internal.Invoker.invokeTestMethods(Invoker.java:1170)
	at org.testng.internal.TestMethodWorker.invokeTestMethods(TestMethodWorker.java:125)
	at org.testng.internal.TestMethodWorker.run(TestMethodWorker.java:109)
	at org.testng.TestRunner.runWorkers(TestRunner.java:1147)
	at org.testng.TestRunner.privateRun(TestRunner.java:749)
	at org.testng.TestRunner.run(TestRunner.java:600)
	at org.testng.SuiteRunner.runTest(SuiteRunner.java:317)
	at org.testng.SuiteRunner.runSequentially(SuiteRunner.java:312)
	at org.testng.SuiteRunner.privateRun(SuiteRunner.java:274)
	at org.testng.SuiteRunner.run(SuiteRunner.java:223)
	at org.testng.SuiteRunnerWorker.runSuite(SuiteRunnerWorker.java:52)
	at org.testng.SuiteRunnerWorker.run(SuiteRunnerWorker.java:86)
	at org.testng.TestNG.runSuitesSequentially(TestNG.java:1039)
	at org.testng.TestNG.runSuitesLocally(TestNG.java:964)
	at org.testng.TestNG.run(TestNG.java:900)
	at com.g4s.com.g4s.scb.ManualTransactions.main(ManualTransactions.java:28)
	at sun.reflect.NativeMethodAccessorImpl.invoke0(Native Method)
	at sun.reflect.NativeMethodAccessorImpl.invoke(NativeMethodAccessorImpl.java:62)
	at sun.reflect.DelegatingMethodAccessorImpl.invoke(DelegatingMethodAccessorImpl.java:43)
	at java.lang.reflect.Method.invoke(Method.java:498)
	at com.intellij.rt.execution.application.AppMain.main(AppMain.java:134)
]]>
    </failure>
  </testcase>
  <testcase name="FillLoginDetails" time="0.598" classname="com.g4s.com.g4s.scb.CashOpsManualTransactions03"/>
  <testcase name="LaunchWebsite" time="8.362" classname="com.g4s.com.g4s.scb.CashOpsManualTransactions03"/>
  <testcase name="UsersTab" time="1.023" classname="com.g4s.com.g4s.scb.CashOpsManualTransactions03"/>
  <testcase name="incrementValues" time="0.001" classname="com.g4s.com.g4s.scb.CashOpsManualTransactions03"/>
  <testcase name="DoLogin" time="1.786" classname="com.g4s.com.g4s.scb.CashOpsManualTransactions03"/>
</testsuite>
