<?xml version="1.0" encoding="UTF-8"?>
<testng-results skipped="0" failed="5" total="20" passed="15">
  <reporter-output>
  </reporter-output>
  <suite name="Blue Label Manual Transactions" duration-ms="76103" started-at="2017-11-22T13:45:54Z" finished-at="2017-11-22T13:47:10Z">
    <groups>
    </groups>
    <test name="1" duration-ms="27729" started-at="2017-11-22T13:45:54Z" finished-at="2017-11-22T13:46:22Z">
      <class name="com.g4s.Blue_Label.CashOpsManualTransactions01">
        <test-method status="PASS" signature="suiteSetUp()" name="suiteSetUp" is-config="true" duration-ms="5405" started-at="2017-11-22T13:45:54Z" finished-at="2017-11-22T13:46:00Z">
        </test-method>
        <test-method status="FAIL" signature="LaunchWebsite()" name="LaunchWebsite" duration-ms="5759" started-at="2017-11-22T13:46:00Z" description="Opens the CashOps Manual Transactions URL" finished-at="2017-11-22T13:46:05Z">
          <exception class="java.lang.AssertionError">
            <message>
              <![CDATA[expected:<true> but was:<false>]]>
            </message>
            <full-stacktrace>
              <![CDATA[java.lang.AssertionError: expected:<true> but was:<false>
	at org.testng.Assert.fail(Assert.java:89)
	at org.testng.Assert.failNotEquals(Assert.java:480)
	at org.testng.Assert.assertTrue(Assert.java:37)
	at org.testng.Assert.assertTrue(Assert.java:47)
	at com.g4s.Blue_Label.CashOpsManualTransactions01.LaunchWebsite(CashOpsManualTransactions01.java:71)
	at sun.reflect.NativeMethodAccessorImpl.invoke0(Native Method)
	at sun.reflect.NativeMethodAccessorImpl.invoke(NativeMethodAccessorImpl.java:62)
	at sun.reflect.DelegatingMethodAccessorImpl.invoke(DelegatingMethodAccessorImpl.java:43)
	at java.lang.reflect.Method.invoke(Method.java:498)
	at org.testng.internal.MethodInvocationHelper.invokeMethod(MethodInvocationHelper.java:74)
	at org.testng.internal.Invoker.invokeMethod(Invoker.java:673)
	at org.testng.internal.Invoker.invokeTestMethod(Invoker.java:846)
	at org.testng.internal.Invoker.invokeTestMethods(Invoker.java:1170)
	at org.testng.internal.TestMethodWorker.invokeTestMethods(TestMethodWorker.java:125)
	at org.testng.internal.TestMethodWorker.run(TestMethodWorker.java:109)
	at org.testng.TestRunner.runWorkers(TestRunner.java:1147)
	at org.testng.TestRunner.privateRun(TestRunner.java:749)
	at org.testng.TestRunner.run(TestRunner.java:600)
	at org.testng.SuiteRunner.runTest(SuiteRunner.java:317)
	at org.testng.SuiteRunner.runSequentially(SuiteRunner.java:312)
	at org.testng.SuiteRunner.privateRun(SuiteRunner.java:274)
	at org.testng.SuiteRunner.run(SuiteRunner.java:223)
	at org.testng.SuiteRunnerWorker.runSuite(SuiteRunnerWorker.java:52)
	at org.testng.SuiteRunnerWorker.run(SuiteRunnerWorker.java:86)
	at org.testng.TestNG.runSuitesSequentially(TestNG.java:1039)
	at org.testng.TestNG.runSuitesLocally(TestNG.java:964)
	at org.testng.TestNG.run(TestNG.java:900)
	at com.g4s.Blue_Label.ManualTransactions.loopTrans(ManualTransactions.java:28)
	at com.g4s.Blue_Label.ManualTransactions.main(ManualTransactions.java:40)
	at sun.reflect.NativeMethodAccessorImpl.invoke0(Native Method)
	at sun.reflect.NativeMethodAccessorImpl.invoke(NativeMethodAccessorImpl.java:62)
	at sun.reflect.DelegatingMethodAccessorImpl.invoke(DelegatingMethodAccessorImpl.java:43)
	at java.lang.reflect.Method.invoke(Method.java:498)
	at com.intellij.rt.execution.application.AppMain.main(AppMain.java:134)
]]>
            </full-stacktrace>
          </exception>
        </test-method>
        <test-method status="PASS" signature="tearDown(org.testng.ITestResult)" name="tearDown" is-config="true" duration-ms="393" started-at="2017-11-22T13:46:05Z" finished-at="2017-11-22T13:46:06Z">
          <params>
            <param index="0">
              <value>
                <![CDATA[[TestResult: LaunchWebsite STATUS:FAILURE METHOD:com.g4s.Blue_Label.CashOpsManualTransactions01.LaunchWebsite()]
]]>
              </value>
            </param>
          </params>
        </test-method>
        <test-method status="PASS" signature="FillLoginDetails()" name="FillLoginDetails" duration-ms="596" started-at="2017-11-22T13:46:06Z" description="Fill the Login Details" finished-at="2017-11-22T13:46:06Z">
        </test-method>
        <test-method status="PASS" signature="DoLogin()" name="DoLogin" duration-ms="3804" started-at="2017-11-22T13:46:06Z" description="Perform Login" finished-at="2017-11-22T13:46:10Z">
        </test-method>
        <test-method status="PASS" signature="tearDown(org.testng.ITestResult)" name="tearDown" is-config="true" duration-ms="0" started-at="2017-11-22T13:46:06Z" finished-at="2017-11-22T13:46:06Z">
          <params>
            <param index="0">
              <value>
                <![CDATA[[TestResult: FillLoginDetails STATUS:SUCCESS METHOD:com.g4s.Blue_Label.CashOpsManualTransactions01.FillLoginDetails()]
]]>
              </value>
            </param>
          </params>
        </test-method>
        <test-method status="PASS" signature="tearDown(org.testng.ITestResult)" name="tearDown" is-config="true" duration-ms="0" started-at="2017-11-22T13:46:10Z" finished-at="2017-11-22T13:46:10Z">
          <params>
            <param index="0">
              <value>
                <![CDATA[[TestResult: DoLogin STATUS:SUCCESS METHOD:com.g4s.Blue_Label.CashOpsManualTransactions01.DoLogin()]
]]>
              </value>
            </param>
          </params>
        </test-method>
        <test-method status="PASS" signature="UsersTab()" name="UsersTab" duration-ms="998" started-at="2017-11-22T13:46:10Z" description="Fill in Transactions Details" finished-at="2017-11-22T13:46:11Z">
        </test-method>
        <test-method status="PASS" signature="tearDown(org.testng.ITestResult)" name="tearDown" is-config="true" duration-ms="1" started-at="2017-11-22T13:46:11Z" finished-at="2017-11-22T13:46:11Z">
          <params>
            <param index="0">
              <value>
                <![CDATA[[TestResult: UsersTab STATUS:SUCCESS METHOD:com.g4s.Blue_Label.CashOpsManualTransactions01.UsersTab()]
]]>
              </value>
            </param>
          </params>
        </test-method>
        <test-method status="FAIL" signature="SearchTrans()" name="SearchTrans" duration-ms="6354" started-at="2017-11-22T13:46:11Z" description="Search for Transactions Details" finished-at="2017-11-22T13:46:18Z">
          <exception class="java.lang.AssertionError">
            <message>
              <![CDATA[expected:<true> but was:<false>]]>
            </message>
            <full-stacktrace>
              <![CDATA[java.lang.AssertionError: expected:<true> but was:<false>
	at org.testng.Assert.fail(Assert.java:89)
	at org.testng.Assert.failNotEquals(Assert.java:480)
	at org.testng.Assert.assertTrue(Assert.java:37)
	at org.testng.Assert.assertTrue(Assert.java:47)
	at com.g4s.Blue_Label.CashOpsManualTransactions01.SearchTrans(CashOpsManualTransactions01.java:278)
	at sun.reflect.NativeMethodAccessorImpl.invoke0(Native Method)
	at sun.reflect.NativeMethodAccessorImpl.invoke(NativeMethodAccessorImpl.java:62)
	at sun.reflect.DelegatingMethodAccessorImpl.invoke(DelegatingMethodAccessorImpl.java:43)
	at java.lang.reflect.Method.invoke(Method.java:498)
	at org.testng.internal.MethodInvocationHelper.invokeMethod(MethodInvocationHelper.java:74)
	at org.testng.internal.Invoker.invokeMethod(Invoker.java:673)
	at org.testng.internal.Invoker.invokeTestMethod(Invoker.java:846)
	at org.testng.internal.Invoker.invokeTestMethods(Invoker.java:1170)
	at org.testng.internal.TestMethodWorker.invokeTestMethods(TestMethodWorker.java:125)
	at org.testng.internal.TestMethodWorker.run(TestMethodWorker.java:109)
	at org.testng.TestRunner.runWorkers(TestRunner.java:1147)
	at org.testng.TestRunner.privateRun(TestRunner.java:749)
	at org.testng.TestRunner.run(TestRunner.java:600)
	at org.testng.SuiteRunner.runTest(SuiteRunner.java:317)
	at org.testng.SuiteRunner.runSequentially(SuiteRunner.java:312)
	at org.testng.SuiteRunner.privateRun(SuiteRunner.java:274)
	at org.testng.SuiteRunner.run(SuiteRunner.java:223)
	at org.testng.SuiteRunnerWorker.runSuite(SuiteRunnerWorker.java:52)
	at org.testng.SuiteRunnerWorker.run(SuiteRunnerWorker.java:86)
	at org.testng.TestNG.runSuitesSequentially(TestNG.java:1039)
	at org.testng.TestNG.runSuitesLocally(TestNG.java:964)
	at org.testng.TestNG.run(TestNG.java:900)
	at com.g4s.Blue_Label.ManualTransactions.loopTrans(ManualTransactions.java:28)
	at com.g4s.Blue_Label.ManualTransactions.main(ManualTransactions.java:40)
	at sun.reflect.NativeMethodAccessorImpl.invoke0(Native Method)
	at sun.reflect.NativeMethodAccessorImpl.invoke(NativeMethodAccessorImpl.java:62)
	at sun.reflect.DelegatingMethodAccessorImpl.invoke(DelegatingMethodAccessorImpl.java:43)
	at java.lang.reflect.Method.invoke(Method.java:498)
	at com.intellij.rt.execution.application.AppMain.main(AppMain.java:134)
]]>
            </full-stacktrace>
          </exception>
        </test-method>
        <test-method status="PASS" signature="tearDown(org.testng.ITestResult)" name="tearDown" is-config="true" duration-ms="357" started-at="2017-11-22T13:46:18Z" finished-at="2017-11-22T13:46:18Z">
          <params>
            <param index="0">
              <value>
                <![CDATA[[TestResult: SearchTrans STATUS:FAILURE METHOD:com.g4s.Blue_Label.CashOpsManualTransactions01.SearchTrans()]
]]>
              </value>
            </param>
          </params>
        </test-method>
        <test-method status="PASS" signature="authorize01()" name="authorize01" duration-ms="3729" started-at="2017-11-22T13:46:18Z" description="Authorize 01 transactions" finished-at="2017-11-22T13:46:22Z">
        </test-method>
        <test-method status="PASS" signature="tearDown(org.testng.ITestResult)" name="tearDown" is-config="true" duration-ms="0" started-at="2017-11-22T13:46:22Z" finished-at="2017-11-22T13:46:22Z">
          <params>
            <param index="0">
              <value>
                <![CDATA[[TestResult: authorize01 STATUS:SUCCESS METHOD:com.g4s.Blue_Label.CashOpsManualTransactions01.authorize01()]
]]>
              </value>
            </param>
          </params>
        </test-method>
        <test-method status="PASS" signature="incrementValues()" name="incrementValues" duration-ms="7" started-at="2017-11-22T13:46:22Z" description="Increment values for Canister and Seal Number" finished-at="2017-11-22T13:46:22Z">
        </test-method>
        <test-method status="PASS" signature="tearDown(org.testng.ITestResult)" name="tearDown" is-config="true" duration-ms="1" started-at="2017-11-22T13:46:22Z" finished-at="2017-11-22T13:46:22Z">
          <params>
            <param index="0">
              <value>
                <![CDATA[[TestResult: incrementValues STATUS:SUCCESS METHOD:com.g4s.Blue_Label.CashOpsManualTransactions01.incrementValues()]
]]>
              </value>
            </param>
          </params>
        </test-method>
        <test-method status="PASS" signature="suiteTearDown()" name="suiteTearDown" is-config="true" duration-ms="317" started-at="2017-11-22T13:46:22Z" finished-at="2017-11-22T13:46:22Z">
        </test-method>
      </class>
    </test>
    <test name="2" duration-ms="26552" started-at="2017-11-22T13:46:22Z" finished-at="2017-11-22T13:46:49Z">
      <class name="com.g4s.Blue_Label.CashOpsManualTransactions05">
        <test-method status="PASS" signature="suiteSetUp()" name="suiteSetUp" is-config="true" duration-ms="3387" started-at="2017-11-22T13:46:22Z" finished-at="2017-11-22T13:46:25Z">
        </test-method>
        <test-method status="FAIL" signature="LaunchWebsite()" name="LaunchWebsite" duration-ms="7989" started-at="2017-11-22T13:46:25Z" description="Opens the CashOps Manual Transactions URL" finished-at="2017-11-22T13:46:33Z">
          <exception class="java.lang.AssertionError">
            <message>
              <![CDATA[expected:<true> but was:<false>]]>
            </message>
            <full-stacktrace>
              <![CDATA[java.lang.AssertionError: expected:<true> but was:<false>
	at org.testng.Assert.fail(Assert.java:89)
	at org.testng.Assert.failNotEquals(Assert.java:480)
	at org.testng.Assert.assertTrue(Assert.java:37)
	at org.testng.Assert.assertTrue(Assert.java:47)
	at com.g4s.Blue_Label.CashOpsManualTransactions05.LaunchWebsite(CashOpsManualTransactions05.java:72)
	at sun.reflect.NativeMethodAccessorImpl.invoke0(Native Method)
	at sun.reflect.NativeMethodAccessorImpl.invoke(NativeMethodAccessorImpl.java:62)
	at sun.reflect.DelegatingMethodAccessorImpl.invoke(DelegatingMethodAccessorImpl.java:43)
	at java.lang.reflect.Method.invoke(Method.java:498)
	at org.testng.internal.MethodInvocationHelper.invokeMethod(MethodInvocationHelper.java:74)
	at org.testng.internal.Invoker.invokeMethod(Invoker.java:673)
	at org.testng.internal.Invoker.invokeTestMethod(Invoker.java:846)
	at org.testng.internal.Invoker.invokeTestMethods(Invoker.java:1170)
	at org.testng.internal.TestMethodWorker.invokeTestMethods(TestMethodWorker.java:125)
	at org.testng.internal.TestMethodWorker.run(TestMethodWorker.java:109)
	at org.testng.TestRunner.runWorkers(TestRunner.java:1147)
	at org.testng.TestRunner.privateRun(TestRunner.java:749)
	at org.testng.TestRunner.run(TestRunner.java:600)
	at org.testng.SuiteRunner.runTest(SuiteRunner.java:317)
	at org.testng.SuiteRunner.runSequentially(SuiteRunner.java:312)
	at org.testng.SuiteRunner.privateRun(SuiteRunner.java:274)
	at org.testng.SuiteRunner.run(SuiteRunner.java:223)
	at org.testng.SuiteRunnerWorker.runSuite(SuiteRunnerWorker.java:52)
	at org.testng.SuiteRunnerWorker.run(SuiteRunnerWorker.java:86)
	at org.testng.TestNG.runSuitesSequentially(TestNG.java:1039)
	at org.testng.TestNG.runSuitesLocally(TestNG.java:964)
	at org.testng.TestNG.run(TestNG.java:900)
	at com.g4s.Blue_Label.ManualTransactions.loopTrans(ManualTransactions.java:28)
	at com.g4s.Blue_Label.ManualTransactions.main(ManualTransactions.java:40)
	at sun.reflect.NativeMethodAccessorImpl.invoke0(Native Method)
	at sun.reflect.NativeMethodAccessorImpl.invoke(NativeMethodAccessorImpl.java:62)
	at sun.reflect.DelegatingMethodAccessorImpl.invoke(DelegatingMethodAccessorImpl.java:43)
	at java.lang.reflect.Method.invoke(Method.java:498)
	at com.intellij.rt.execution.application.AppMain.main(AppMain.java:134)
]]>
            </full-stacktrace>
          </exception>
        </test-method>
        <test-method status="PASS" signature="tearDown(org.testng.ITestResult)" name="tearDown" is-config="true" duration-ms="408" started-at="2017-11-22T13:46:33Z" finished-at="2017-11-22T13:46:34Z">
          <params>
            <param index="0">
              <value>
                <![CDATA[[TestResult: LaunchWebsite STATUS:FAILURE METHOD:com.g4s.Blue_Label.CashOpsManualTransactions05.LaunchWebsite()]
]]>
              </value>
            </param>
          </params>
        </test-method>
        <test-method status="PASS" signature="FillLoginDetails()" name="FillLoginDetails" duration-ms="573" started-at="2017-11-22T13:46:34Z" description="Fill the Login Details" finished-at="2017-11-22T13:46:34Z">
        </test-method>
        <test-method status="PASS" signature="DoLogin()" name="DoLogin" duration-ms="1791" started-at="2017-11-22T13:46:34Z" description="Perform Login" finished-at="2017-11-22T13:46:36Z">
        </test-method>
        <test-method status="PASS" signature="tearDown(org.testng.ITestResult)" name="tearDown" is-config="true" duration-ms="0" started-at="2017-11-22T13:46:34Z" finished-at="2017-11-22T13:46:34Z">
          <params>
            <param index="0">
              <value>
                <![CDATA[[TestResult: FillLoginDetails STATUS:SUCCESS METHOD:com.g4s.Blue_Label.CashOpsManualTransactions05.FillLoginDetails()]
]]>
              </value>
            </param>
          </params>
        </test-method>
        <test-method status="PASS" signature="tearDown(org.testng.ITestResult)" name="tearDown" is-config="true" duration-ms="0" started-at="2017-11-22T13:46:36Z" finished-at="2017-11-22T13:46:36Z">
          <params>
            <param index="0">
              <value>
                <![CDATA[[TestResult: DoLogin STATUS:SUCCESS METHOD:com.g4s.Blue_Label.CashOpsManualTransactions05.DoLogin()]
]]>
              </value>
            </param>
          </params>
        </test-method>
        <test-method status="PASS" signature="UsersTab()" name="UsersTab" duration-ms="1084" started-at="2017-11-22T13:46:36Z" description="Fill in Transactions Details" finished-at="2017-11-22T13:46:37Z">
        </test-method>
        <test-method status="PASS" signature="tearDown(org.testng.ITestResult)" name="tearDown" is-config="true" duration-ms="1" started-at="2017-11-22T13:46:37Z" finished-at="2017-11-22T13:46:37Z">
          <params>
            <param index="0">
              <value>
                <![CDATA[[TestResult: UsersTab STATUS:SUCCESS METHOD:com.g4s.Blue_Label.CashOpsManualTransactions05.UsersTab()]
]]>
              </value>
            </param>
          </params>
        </test-method>
        <test-method status="FAIL" signature="SearchTrans()" name="SearchTrans" duration-ms="6375" started-at="2017-11-22T13:46:37Z" description="Search for Transactions Details" finished-at="2017-11-22T13:46:44Z">
          <exception class="java.lang.AssertionError">
            <message>
              <![CDATA[expected:<true> but was:<false>]]>
            </message>
            <full-stacktrace>
              <![CDATA[java.lang.AssertionError: expected:<true> but was:<false>
	at org.testng.Assert.fail(Assert.java:89)
	at org.testng.Assert.failNotEquals(Assert.java:480)
	at org.testng.Assert.assertTrue(Assert.java:37)
	at org.testng.Assert.assertTrue(Assert.java:47)
	at com.g4s.Blue_Label.CashOpsManualTransactions05.SearchTrans(CashOpsManualTransactions05.java:281)
	at sun.reflect.NativeMethodAccessorImpl.invoke0(Native Method)
	at sun.reflect.NativeMethodAccessorImpl.invoke(NativeMethodAccessorImpl.java:62)
	at sun.reflect.DelegatingMethodAccessorImpl.invoke(DelegatingMethodAccessorImpl.java:43)
	at java.lang.reflect.Method.invoke(Method.java:498)
	at org.testng.internal.MethodInvocationHelper.invokeMethod(MethodInvocationHelper.java:74)
	at org.testng.internal.Invoker.invokeMethod(Invoker.java:673)
	at org.testng.internal.Invoker.invokeTestMethod(Invoker.java:846)
	at org.testng.internal.Invoker.invokeTestMethods(Invoker.java:1170)
	at org.testng.internal.TestMethodWorker.invokeTestMethods(TestMethodWorker.java:125)
	at org.testng.internal.TestMethodWorker.run(TestMethodWorker.java:109)
	at org.testng.TestRunner.runWorkers(TestRunner.java:1147)
	at org.testng.TestRunner.privateRun(TestRunner.java:749)
	at org.testng.TestRunner.run(TestRunner.java:600)
	at org.testng.SuiteRunner.runTest(SuiteRunner.java:317)
	at org.testng.SuiteRunner.runSequentially(SuiteRunner.java:312)
	at org.testng.SuiteRunner.privateRun(SuiteRunner.java:274)
	at org.testng.SuiteRunner.run(SuiteRunner.java:223)
	at org.testng.SuiteRunnerWorker.runSuite(SuiteRunnerWorker.java:52)
	at org.testng.SuiteRunnerWorker.run(SuiteRunnerWorker.java:86)
	at org.testng.TestNG.runSuitesSequentially(TestNG.java:1039)
	at org.testng.TestNG.runSuitesLocally(TestNG.java:964)
	at org.testng.TestNG.run(TestNG.java:900)
	at com.g4s.Blue_Label.ManualTransactions.loopTrans(ManualTransactions.java:28)
	at com.g4s.Blue_Label.ManualTransactions.main(ManualTransactions.java:40)
	at sun.reflect.NativeMethodAccessorImpl.invoke0(Native Method)
	at sun.reflect.NativeMethodAccessorImpl.invoke(NativeMethodAccessorImpl.java:62)
	at sun.reflect.DelegatingMethodAccessorImpl.invoke(DelegatingMethodAccessorImpl.java:43)
	at java.lang.reflect.Method.invoke(Method.java:498)
	at com.intellij.rt.execution.application.AppMain.main(AppMain.java:134)
]]>
            </full-stacktrace>
          </exception>
        </test-method>
        <test-method status="PASS" signature="tearDown(org.testng.ITestResult)" name="tearDown" is-config="true" duration-ms="348" started-at="2017-11-22T13:46:44Z" finished-at="2017-11-22T13:46:44Z">
          <params>
            <param index="0">
              <value>
                <![CDATA[[TestResult: SearchTrans STATUS:FAILURE METHOD:com.g4s.Blue_Label.CashOpsManualTransactions05.SearchTrans()]
]]>
              </value>
            </param>
          </params>
        </test-method>
        <test-method status="PASS" signature="authorize05()" name="authorize05" duration-ms="4160" started-at="2017-11-22T13:46:44Z" description="Authorize 05 transactions" finished-at="2017-11-22T13:46:48Z">
        </test-method>
        <test-method status="PASS" signature="suiteTearDown()" name="suiteTearDown" is-config="true" duration-ms="434" started-at="2017-11-22T13:46:48Z" finished-at="2017-11-22T13:46:49Z">
        </test-method>
        <test-method status="PASS" signature="tearDown(org.testng.ITestResult)" name="tearDown" is-config="true" duration-ms="0" started-at="2017-11-22T13:46:48Z" finished-at="2017-11-22T13:46:48Z">
          <params>
            <param index="0">
              <value>
                <![CDATA[[TestResult: authorize05 STATUS:SUCCESS METHOD:com.g4s.Blue_Label.CashOpsManualTransactions05.authorize05()]
]]>
              </value>
            </param>
          </params>
        </test-method>
      </class>
    </test>
    <test name="3" duration-ms="21752" started-at="2017-11-22T13:46:49Z" finished-at="2017-11-22T13:47:10Z">
      <class name="com.g4s.Blue_Label.CashOpsManualTransactions03">
        <test-method status="PASS" signature="suiteSetUp()" name="suiteSetUp" is-config="true" duration-ms="2976" started-at="2017-11-22T13:46:49Z" finished-at="2017-11-22T13:46:52Z">
        </test-method>
        <test-method status="FAIL" signature="LaunchWebsite()" name="LaunchWebsite" duration-ms="6205" started-at="2017-11-22T13:46:52Z" description="Opens the CashOps Manual Transactions URL" finished-at="2017-11-22T13:46:58Z">
          <exception class="java.lang.AssertionError">
            <message>
              <![CDATA[expected:<true> but was:<false>]]>
            </message>
            <full-stacktrace>
              <![CDATA[java.lang.AssertionError: expected:<true> but was:<false>
	at org.testng.Assert.fail(Assert.java:89)
	at org.testng.Assert.failNotEquals(Assert.java:480)
	at org.testng.Assert.assertTrue(Assert.java:37)
	at org.testng.Assert.assertTrue(Assert.java:47)
	at com.g4s.Blue_Label.CashOpsManualTransactions03.LaunchWebsite(CashOpsManualTransactions03.java:72)
	at sun.reflect.NativeMethodAccessorImpl.invoke0(Native Method)
	at sun.reflect.NativeMethodAccessorImpl.invoke(NativeMethodAccessorImpl.java:62)
	at sun.reflect.DelegatingMethodAccessorImpl.invoke(DelegatingMethodAccessorImpl.java:43)
	at java.lang.reflect.Method.invoke(Method.java:498)
	at org.testng.internal.MethodInvocationHelper.invokeMethod(MethodInvocationHelper.java:74)
	at org.testng.internal.Invoker.invokeMethod(Invoker.java:673)
	at org.testng.internal.Invoker.invokeTestMethod(Invoker.java:846)
	at org.testng.internal.Invoker.invokeTestMethods(Invoker.java:1170)
	at org.testng.internal.TestMethodWorker.invokeTestMethods(TestMethodWorker.java:125)
	at org.testng.internal.TestMethodWorker.run(TestMethodWorker.java:109)
	at org.testng.TestRunner.runWorkers(TestRunner.java:1147)
	at org.testng.TestRunner.privateRun(TestRunner.java:749)
	at org.testng.TestRunner.run(TestRunner.java:600)
	at org.testng.SuiteRunner.runTest(SuiteRunner.java:317)
	at org.testng.SuiteRunner.runSequentially(SuiteRunner.java:312)
	at org.testng.SuiteRunner.privateRun(SuiteRunner.java:274)
	at org.testng.SuiteRunner.run(SuiteRunner.java:223)
	at org.testng.SuiteRunnerWorker.runSuite(SuiteRunnerWorker.java:52)
	at org.testng.SuiteRunnerWorker.run(SuiteRunnerWorker.java:86)
	at org.testng.TestNG.runSuitesSequentially(TestNG.java:1039)
	at org.testng.TestNG.runSuitesLocally(TestNG.java:964)
	at org.testng.TestNG.run(TestNG.java:900)
	at com.g4s.Blue_Label.ManualTransactions.loopTrans(ManualTransactions.java:28)
	at com.g4s.Blue_Label.ManualTransactions.main(ManualTransactions.java:40)
	at sun.reflect.NativeMethodAccessorImpl.invoke0(Native Method)
	at sun.reflect.NativeMethodAccessorImpl.invoke(NativeMethodAccessorImpl.java:62)
	at sun.reflect.DelegatingMethodAccessorImpl.invoke(DelegatingMethodAccessorImpl.java:43)
	at java.lang.reflect.Method.invoke(Method.java:498)
	at com.intellij.rt.execution.application.AppMain.main(AppMain.java:134)
]]>
            </full-stacktrace>
          </exception>
        </test-method>
        <test-method status="PASS" signature="tearDown(org.testng.ITestResult)" name="tearDown" is-config="true" duration-ms="348" started-at="2017-11-22T13:46:58Z" finished-at="2017-11-22T13:46:58Z">
          <params>
            <param index="0">
              <value>
                <![CDATA[[TestResult: LaunchWebsite STATUS:FAILURE METHOD:com.g4s.Blue_Label.CashOpsManualTransactions03.LaunchWebsite()]
]]>
              </value>
            </param>
          </params>
        </test-method>
        <test-method status="PASS" signature="FillLoginDetails()" name="FillLoginDetails" duration-ms="638" started-at="2017-11-22T13:46:58Z" description="Fill the Login Details" finished-at="2017-11-22T13:46:59Z">
        </test-method>
        <test-method status="PASS" signature="DoLogin()" name="DoLogin" duration-ms="1769" started-at="2017-11-22T13:46:59Z" description="Perform Login" finished-at="2017-11-22T13:47:00Z">
        </test-method>
        <test-method status="PASS" signature="tearDown(org.testng.ITestResult)" name="tearDown" is-config="true" duration-ms="0" started-at="2017-11-22T13:46:59Z" finished-at="2017-11-22T13:46:59Z">
          <params>
            <param index="0">
              <value>
                <![CDATA[[TestResult: FillLoginDetails STATUS:SUCCESS METHOD:com.g4s.Blue_Label.CashOpsManualTransactions03.FillLoginDetails()]
]]>
              </value>
            </param>
          </params>
        </test-method>
        <test-method status="PASS" signature="tearDown(org.testng.ITestResult)" name="tearDown" is-config="true" duration-ms="1" started-at="2017-11-22T13:47:00Z" finished-at="2017-11-22T13:47:00Z">
          <params>
            <param index="0">
              <value>
                <![CDATA[[TestResult: DoLogin STATUS:SUCCESS METHOD:com.g4s.Blue_Label.CashOpsManualTransactions03.DoLogin()]
]]>
              </value>
            </param>
          </params>
        </test-method>
        <test-method status="PASS" signature="UsersTab()" name="UsersTab" duration-ms="1025" started-at="2017-11-22T13:47:00Z" description="Fill in Transactions Details" finished-at="2017-11-22T13:47:02Z">
        </test-method>
        <test-method status="PASS" signature="SearchTrans()" name="SearchTrans" duration-ms="4753" started-at="2017-11-22T13:47:02Z" description="Search for Transactions Details" finished-at="2017-11-22T13:47:06Z">
        </test-method>
        <test-method status="PASS" signature="tearDown(org.testng.ITestResult)" name="tearDown" is-config="true" duration-ms="0" started-at="2017-11-22T13:47:02Z" finished-at="2017-11-22T13:47:02Z">
          <params>
            <param index="0">
              <value>
                <![CDATA[[TestResult: UsersTab STATUS:SUCCESS METHOD:com.g4s.Blue_Label.CashOpsManualTransactions03.UsersTab()]
]]>
              </value>
            </param>
          </params>
        </test-method>
        <test-method status="PASS" signature="tearDown(org.testng.ITestResult)" name="tearDown" is-config="true" duration-ms="0" started-at="2017-11-22T13:47:06Z" finished-at="2017-11-22T13:47:06Z">
          <params>
            <param index="0">
              <value>
                <![CDATA[[TestResult: SearchTrans STATUS:SUCCESS METHOD:com.g4s.Blue_Label.CashOpsManualTransactions03.SearchTrans()]
]]>
              </value>
            </param>
          </params>
        </test-method>
        <test-method status="PASS" signature="authorize03()" name="authorize03" duration-ms="3615" started-at="2017-11-22T13:47:06Z" description="Authorize 03 transactions" finished-at="2017-11-22T13:47:10Z">
        </test-method>
        <test-method status="PASS" signature="tearDown(org.testng.ITestResult)" name="tearDown" is-config="true" duration-ms="0" started-at="2017-11-22T13:47:10Z" finished-at="2017-11-22T13:47:10Z">
          <params>
            <param index="0">
              <value>
                <![CDATA[[TestResult: authorize03 STATUS:SUCCESS METHOD:com.g4s.Blue_Label.CashOpsManualTransactions03.authorize03()]
]]>
              </value>
            </param>
          </params>
        </test-method>
        <test-method status="PASS" signature="incrementValues()" name="incrementValues" duration-ms="1" started-at="2017-11-22T13:47:10Z" description="Increment values for Canister and Seal Number" finished-at="2017-11-22T13:47:10Z">
        </test-method>
        <test-method status="PASS" signature="suiteTearDown()" name="suiteTearDown" is-config="true" duration-ms="419" started-at="2017-11-22T13:47:10Z" finished-at="2017-11-22T13:47:10Z">
        </test-method>
        <test-method status="PASS" signature="tearDown(org.testng.ITestResult)" name="tearDown" is-config="true" duration-ms="0" started-at="2017-11-22T13:47:10Z" finished-at="2017-11-22T13:47:10Z">
          <params>
            <param index="0">
              <value>
                <![CDATA[[TestResult: incrementValues STATUS:SUCCESS METHOD:com.g4s.Blue_Label.CashOpsManualTransactions03.incrementValues()]
]]>
              </value>
            </param>
          </params>
        </test-method>
      </class>
    </test>
  </suite>
</testng-results>
